{"/Users/nikhar_gangwar/k8s-designer-backend/src/controllers/microservices.controllers.js": {"path":"/Users/nikhar_gangwar/k8s-designer-backend/src/controllers/microservices.controllers.js","statementMap":{"0":{"start":{"line":1,"column":17},"end":{"line":1,"column":68}},"1":{"start":{"line":2,"column":18},"end":{"line":2,"column":57}},"2":{"start":{"line":6,"column":31},"end":{"line":16,"column":1}},"3":{"start":{"line":7,"column":2},"end":{"line":14,"column":3}},"4":{"start":{"line":8,"column":19},"end":{"line":8,"column":73}},"5":{"start":{"line":9,"column":4},"end":{"line":9,"column":24}},"6":{"start":{"line":10,"column":4},"end":{"line":10,"column":53}},"7":{"start":{"line":13,"column":4},"end":{"line":13,"column":45}},"8":{"start":{"line":18,"column":0},"end":{"line":18,"column":42}}},"fnMap":{"0":{"name":"(anonymous_0)","decl":{"start":{"line":6,"column":31},"end":{"line":6,"column":32}},"loc":{"start":{"line":6,"column":48},"end":{"line":16,"column":1}},"line":6}},"branchMap":{},"s":{"0":1,"1":1,"2":1,"3":2,"4":2,"5":1,"6":1,"7":1,"8":1},"f":{"0":2},"b":{},"_coverageSchema":"1a1c01bbd47fc00a2c39e90264f33305004495a9","hash":"37421f2e715e479b6dbf401eb40241741d33439b"}
,"/Users/nikhar_gangwar/k8s-designer-backend/src/exceptions/user.exception.js": {"path":"/Users/nikhar_gangwar/k8s-designer-backend/src/exceptions/user.exception.js","statementMap":{"0":{"start":{"line":3,"column":4},"end":{"line":3,"column":19}},"1":{"start":{"line":4,"column":4},"end":{"line":4,"column":27}},"2":{"start":{"line":5,"column":4},"end":{"line":5,"column":25}},"3":{"start":{"line":9,"column":0},"end":{"line":9,"column":27}}},"fnMap":{"0":{"name":"(anonymous_0)","decl":{"start":{"line":2,"column":2},"end":{"line":2,"column":3}},"loc":{"start":{"line":2,"column":31},"end":{"line":6,"column":3}},"line":2}},"branchMap":{},"s":{"0":0,"1":0,"2":0,"3":1},"f":{"0":0},"b":{},"_coverageSchema":"1a1c01bbd47fc00a2c39e90264f33305004495a9","hash":"6f1b10a495479a10ed6f46487e44a4614fd78f32"}
,"/Users/nikhar_gangwar/k8s-designer-backend/src/middlewares/request.middleware.js": {"path":"/Users/nikhar_gangwar/k8s-designer-backend/src/middlewares/request.middleware.js","statementMap":{"0":{"start":{"line":1,"column":22},"end":{"line":1,"column":48}},"1":{"start":{"line":3,"column":17},"end":{"line":13,"column":1}},"2":{"start":{"line":4,"column":2},"end":{"line":12,"column":4}},"3":{"start":{"line":5,"column":22},"end":{"line":5,"column":56}},"4":{"start":{"line":6,"column":4},"end":{"line":11,"column":5}},"5":{"start":{"line":7,"column":6},"end":{"line":7,"column":13}},"6":{"start":{"line":10,"column":6},"end":{"line":10,"column":106}},"7":{"start":{"line":15,"column":0},"end":{"line":15,"column":30}}},"fnMap":{"0":{"name":"(anonymous_0)","decl":{"start":{"line":3,"column":17},"end":{"line":3,"column":18}},"loc":{"start":{"line":3,"column":36},"end":{"line":13,"column":1}},"line":3},"1":{"name":"(anonymous_1)","decl":{"start":{"line":4,"column":9},"end":{"line":4,"column":10}},"loc":{"start":{"line":4,"column":29},"end":{"line":12,"column":3}},"line":4}},"branchMap":{"0":{"loc":{"start":{"line":6,"column":4},"end":{"line":11,"column":5}},"type":"if","locations":[{"start":{"line":6,"column":4},"end":{"line":11,"column":5}},{"start":{"line":9,"column":9},"end":{"line":11,"column":5}}],"line":6}},"s":{"0":1,"1":1,"2":3,"3":3,"4":3,"5":2,"6":1,"7":1},"f":{"0":3,"1":3},"b":{"0":[2,1]},"_coverageSchema":"1a1c01bbd47fc00a2c39e90264f33305004495a9","hash":"bb15c26e84a1fdae176236b8ed040fda41e10696"}
,"/Users/nikhar_gangwar/k8s-designer-backend/src/schemas/index.schema.js": {"path":"/Users/nikhar_gangwar/k8s-designer-backend/src/schemas/index.schema.js","statementMap":{"0":{"start":{"line":2,"column":27},"end":{"line":2,"column":51}},"1":{"start":{"line":4,"column":0},"end":{"line":4,"column":36}}},"fnMap":{},"branchMap":{},"s":{"0":1,"1":1},"f":{},"b":{},"_coverageSchema":"1a1c01bbd47fc00a2c39e90264f33305004495a9","hash":"e213b021a09937129dcaa8b4ab6dafda529e6f82"}
,"/Users/nikhar_gangwar/k8s-designer-backend/src/schemas/user.schema.js": {"path":"/Users/nikhar_gangwar/k8s-designer-backend/src/schemas/user.schema.js","statementMap":{"0":{"start":{"line":1,"column":12},"end":{"line":1,"column":26}},"1":{"start":{"line":2,"column":23},"end":{"line":4,"column":2}},"2":{"start":{"line":6,"column":0},"end":{"line":6,"column":36}}},"fnMap":{},"branchMap":{},"s":{"0":1,"1":1,"2":1},"f":{},"b":{},"_coverageSchema":"1a1c01bbd47fc00a2c39e90264f33305004495a9","hash":"abf8249f23304d2065cd783330a33256189e387d"}
,"/Users/nikhar_gangwar/k8s-designer-backend/src/services/microservices.config.service.js": {"path":"/Users/nikhar_gangwar/k8s-designer-backend/src/services/microservices.config.service.js","statementMap":{"0":{"start":{"line":2,"column":23},"end":{"line":2,"column":48}},"1":{"start":{"line":4,"column":15},"end":{"line":4,"column":33}},"2":{"start":{"line":6,"column":38},"end":{"line":51,"column":1}},"3":{"start":{"line":7,"column":21},"end":{"line":7,"column":25}},"4":{"start":{"line":9,"column":2},"end":{"line":47,"column":3}},"5":{"start":{"line":10,"column":4},"end":{"line":46,"column":5}},"6":{"start":{"line":14,"column":54},"end":{"line":14,"column":61}},"7":{"start":{"line":15,"column":37},"end":{"line":22,"column":7}},"8":{"start":{"line":23,"column":34},"end":{"line":23,"column":59}},"9":{"start":{"line":24,"column":33},"end":{"line":29,"column":13}},"10":{"start":{"line":32,"column":41},"end":{"line":41,"column":7}},"11":{"start":{"line":49,"column":2},"end":{"line":49,"column":14}},"12":{"start":{"line":53,"column":0},"end":{"line":53,"column":49}}},"fnMap":{"0":{"name":"(anonymous_0)","decl":{"start":{"line":6,"column":38},"end":{"line":6,"column":39}},"loc":{"start":{"line":6,"column":53},"end":{"line":51,"column":1}},"line":6}},"branchMap":{"0":{"loc":{"start":{"line":10,"column":4},"end":{"line":46,"column":5}},"type":"switch","locations":[{"start":{"line":12,"column":4},"end":{"line":45,"column":5}}],"line":10}},"s":{"0":2,"1":2,"2":2,"3":1,"4":1,"5":1,"6":1,"7":1,"8":0,"9":0,"10":0,"11":0,"12":2},"f":{"0":1},"b":{"0":[1]},"_coverageSchema":"1a1c01bbd47fc00a2c39e90264f33305004495a9","hash":"239ad1a77bc20f7b5946b3459d0a189cf3d43845"}
}
