{"/Users/preetinder_singh/Desktop/Work/Project/k8s-designer-backend/src/controllers/customer.controller.js": {"path":"/Users/preetinder_singh/Desktop/Work/Project/k8s-designer-backend/src/controllers/customer.controller.js","statementMap":{"0":{"start":{"line":1,"column":17},"end":{"line":1,"column":56}},"1":{"start":{"line":2,"column":18},"end":{"line":2,"column":61}},"2":{"start":{"line":3,"column":22},"end":{"line":3,"column":48}},"3":{"start":{"line":5,"column":24},"end":{"line":14,"column":1}},"4":{"start":{"line":6,"column":2},"end":{"line":13,"column":3}},"5":{"start":{"line":8,"column":29},"end":{"line":8,"column":58}},"6":{"start":{"line":9,"column":4},"end":{"line":9,"column":114}},"7":{"start":{"line":9,"column":40},"end":{"line":9,"column":114}},"8":{"start":{"line":10,"column":4},"end":{"line":10,"column":68}},"9":{"start":{"line":12,"column":4},"end":{"line":12,"column":62}},"10":{"start":{"line":16,"column":32},"end":{"line":25,"column":1}},"11":{"start":{"line":17,"column":2},"end":{"line":24,"column":3}},"12":{"start":{"line":19,"column":25},"end":{"line":19,"column":79}},"13":{"start":{"line":20,"column":4},"end":{"line":20,"column":114}},"14":{"start":{"line":20,"column":35},"end":{"line":20,"column":114}},"15":{"start":{"line":21,"column":4},"end":{"line":21,"column":64}},"16":{"start":{"line":23,"column":4},"end":{"line":23,"column":62}},"17":{"start":{"line":27,"column":0},"end":{"line":27,"column":62}}},"fnMap":{"0":{"name":"(anonymous_0)","decl":{"start":{"line":5,"column":24},"end":{"line":5,"column":25}},"loc":{"start":{"line":5,"column":44},"end":{"line":14,"column":1}},"line":5},"1":{"name":"(anonymous_1)","decl":{"start":{"line":16,"column":32},"end":{"line":16,"column":33}},"loc":{"start":{"line":16,"column":52},"end":{"line":25,"column":1}},"line":16}},"branchMap":{"0":{"loc":{"start":{"line":9,"column":4},"end":{"line":9,"column":114}},"type":"if","locations":[{"start":{"line":9,"column":4},"end":{"line":9,"column":114}},{"start":{},"end":{}}],"line":9},"1":{"loc":{"start":{"line":20,"column":4},"end":{"line":20,"column":114}},"type":"if","locations":[{"start":{"line":20,"column":4},"end":{"line":20,"column":114}},{"start":{},"end":{}}],"line":20}},"s":{"0":1,"1":1,"2":1,"3":1,"4":2,"5":2,"6":2,"7":1,"8":1,"9":1,"10":1,"11":2,"12":2,"13":2,"14":1,"15":1,"16":1,"17":1},"f":{"0":2,"1":2},"b":{"0":[1,1],"1":[1,1]},"_coverageSchema":"1a1c01bbd47fc00a2c39e90264f33305004495a9","hash":"54e9615b7a85840a4953e4883e6c9e2b596163a1"}
,"/Users/preetinder_singh/Desktop/Work/Project/k8s-designer-backend/src/exceptions/customer.exception.js": {"path":"/Users/preetinder_singh/Desktop/Work/Project/k8s-designer-backend/src/exceptions/customer.exception.js","statementMap":{"0":{"start":{"line":3,"column":4},"end":{"line":3,"column":19}},"1":{"start":{"line":4,"column":4},"end":{"line":4,"column":27}},"2":{"start":{"line":5,"column":4},"end":{"line":5,"column":25}},"3":{"start":{"line":9,"column":0},"end":{"line":9,"column":27}}},"fnMap":{"0":{"name":"(anonymous_0)","decl":{"start":{"line":2,"column":2},"end":{"line":2,"column":3}},"loc":{"start":{"line":2,"column":31},"end":{"line":6,"column":3}},"line":2}},"branchMap":{},"s":{"0":2,"1":2,"2":2,"3":1},"f":{"0":2},"b":{},"_coverageSchema":"1a1c01bbd47fc00a2c39e90264f33305004495a9","hash":"585347baacc063784f71c1aaa8cc41834dc97318"}
,"/Users/preetinder_singh/Desktop/Work/Project/k8s-designer-backend/src/middlewares/request.middleware.js": {"path":"/Users/preetinder_singh/Desktop/Work/Project/k8s-designer-backend/src/middlewares/request.middleware.js","statementMap":{"0":{"start":{"line":1,"column":22},"end":{"line":1,"column":48}},"1":{"start":{"line":3,"column":17},"end":{"line":13,"column":1}},"2":{"start":{"line":4,"column":2},"end":{"line":12,"column":4}},"3":{"start":{"line":5,"column":22},"end":{"line":5,"column":56}},"4":{"start":{"line":6,"column":4},"end":{"line":11,"column":5}},"5":{"start":{"line":7,"column":6},"end":{"line":7,"column":13}},"6":{"start":{"line":10,"column":6},"end":{"line":10,"column":106}},"7":{"start":{"line":15,"column":0},"end":{"line":15,"column":30}}},"fnMap":{"0":{"name":"(anonymous_0)","decl":{"start":{"line":3,"column":17},"end":{"line":3,"column":18}},"loc":{"start":{"line":3,"column":36},"end":{"line":13,"column":1}},"line":3},"1":{"name":"(anonymous_1)","decl":{"start":{"line":4,"column":9},"end":{"line":4,"column":10}},"loc":{"start":{"line":4,"column":29},"end":{"line":12,"column":3}},"line":4}},"branchMap":{"0":{"loc":{"start":{"line":6,"column":4},"end":{"line":11,"column":5}},"type":"if","locations":[{"start":{"line":6,"column":4},"end":{"line":11,"column":5}},{"start":{"line":9,"column":9},"end":{"line":11,"column":5}}],"line":6}},"s":{"0":1,"1":1,"2":3,"3":3,"4":3,"5":2,"6":1,"7":1},"f":{"0":3,"1":3},"b":{"0":[2,1]},"_coverageSchema":"1a1c01bbd47fc00a2c39e90264f33305004495a9","hash":"0d93df736c569b4039909a49e5140e762b9a4928"}
,"/Users/preetinder_singh/Desktop/Work/Project/k8s-designer-backend/src/schemas/customer.schema.js": {"path":"/Users/preetinder_singh/Desktop/Work/Project/k8s-designer-backend/src/schemas/customer.schema.js","statementMap":{"0":{"start":{"line":1,"column":12},"end":{"line":1,"column":26}},"1":{"start":{"line":2,"column":23},"end":{"line":4,"column":2}},"2":{"start":{"line":6,"column":0},"end":{"line":6,"column":36}}},"fnMap":{},"branchMap":{},"s":{"0":1,"1":1,"2":1},"f":{},"b":{},"_coverageSchema":"1a1c01bbd47fc00a2c39e90264f33305004495a9","hash":"afe3cc376e65a534db19a084309b10f009187729"}
,"/Users/preetinder_singh/Desktop/Work/Project/k8s-designer-backend/src/schemas/index.schema.js": {"path":"/Users/preetinder_singh/Desktop/Work/Project/k8s-designer-backend/src/schemas/index.schema.js","statementMap":{"0":{"start":{"line":2,"column":27},"end":{"line":2,"column":55}},"1":{"start":{"line":4,"column":0},"end":{"line":4,"column":36}}},"fnMap":{},"branchMap":{},"s":{"0":1,"1":1},"f":{},"b":{},"_coverageSchema":"1a1c01bbd47fc00a2c39e90264f33305004495a9","hash":"2d15913ab2d41369bb909bcc6cd49a644c12fad1"}
,"/Users/preetinder_singh/Desktop/Work/Project/k8s-designer-backend/src/services/customer.service.js": {"path":"/Users/preetinder_singh/Desktop/Work/Project/k8s-designer-backend/src/services/customer.service.js","statementMap":{"0":{"start":{"line":1,"column":13},"end":{"line":1,"column":40}},"1":{"start":{"line":3,"column":21},"end":{"line":3,"column":35}},"2":{"start":{"line":3,"column":27},"end":{"line":3,"column":35}},"3":{"start":{"line":5,"column":24},"end":{"line":11,"column":1}},"4":{"start":{"line":6,"column":2},"end":{"line":10,"column":5}},"5":{"start":{"line":7,"column":4},"end":{"line":9,"column":5}},"6":{"start":{"line":8,"column":6},"end":{"line":8,"column":20}},"7":{"start":{"line":14,"column":0},"end":{"line":14,"column":51}}},"fnMap":{"0":{"name":"(anonymous_0)","decl":{"start":{"line":3,"column":21},"end":{"line":3,"column":22}},"loc":{"start":{"line":3,"column":27},"end":{"line":3,"column":35}},"line":3},"1":{"name":"(anonymous_1)","decl":{"start":{"line":5,"column":24},"end":{"line":5,"column":25}},"loc":{"start":{"line":5,"column":38},"end":{"line":11,"column":1}},"line":5},"2":{"name":"(anonymous_2)","decl":{"start":{"line":6,"column":25},"end":{"line":6,"column":26}},"loc":{"start":{"line":6,"column":37},"end":{"line":10,"column":3}},"line":6}},"branchMap":{"0":{"loc":{"start":{"line":7,"column":4},"end":{"line":9,"column":5}},"type":"if","locations":[{"start":{"line":7,"column":4},"end":{"line":9,"column":5}},{"start":{},"end":{}}],"line":7}},"s":{"0":2,"1":2,"2":1,"3":2,"4":1,"5":2,"6":1,"7":2},"f":{"0":1,"1":1,"2":2},"b":{"0":[1,1]},"_coverageSchema":"1a1c01bbd47fc00a2c39e90264f33305004495a9","hash":"cff6339b7fe3d14630a31a948f2bb7ef2c57de6a"}
,"/Users/preetinder_singh/Desktop/Work/Project/k8s-designer-backend/src/services/dockerComposeGenerator/frontendStandalone.js": {"path":"/Users/preetinder_singh/Desktop/Work/Project/k8s-designer-backend/src/services/dockerComposeGenerator/frontendStandalone.js","statementMap":{"0":{"start":{"line":1,"column":17},"end":{"line":1,"column":36}},"1":{"start":{"line":2,"column":11},"end":{"line":2,"column":24}},"2":{"start":{"line":4,"column":31},"end":{"line":10,"column":1}},"3":{"start":{"line":5,"column":21},"end":{"line":5,"column":108}},"4":{"start":{"line":7,"column":30},"end":{"line":7,"column":75}},"5":{"start":{"line":9,"column":4},"end":{"line":9,"column":29}},"6":{"start":{"line":12,"column":0},"end":{"line":12,"column":41}}},"fnMap":{"0":{"name":"(anonymous_0)","decl":{"start":{"line":4,"column":31},"end":{"line":4,"column":32}},"loc":{"start":{"line":4,"column":55},"end":{"line":10,"column":1}},"line":4}},"branchMap":{},"s":{"0":1,"1":1,"2":1,"3":1,"4":1,"5":1,"6":1},"f":{"0":1},"b":{},"_coverageSchema":"1a1c01bbd47fc00a2c39e90264f33305004495a9","hash":"731deb477a906acab59dcc09f1a188c8a8bae641"}
}
